# JRE version: OpenJDK Runtime Environment GraalVM CE 22.3.0 (17.0.5+8) (build 17.0.5+8-jvmci-22.3-b08)
# Java VM: OpenJDK 64-Bit Server VM GraalVM CE 22.3.0 (17.0.5+8-jvmci-22.3-b08, mixed mode, sharing, tiered, jvmci, jvmci compiler, compressed oops, compressed class ptrs, parallel gc, linux-amd64)
GC Precious Log:
 CPUs: 8 total, 1 available
 Memory: 1024M
 Large Page Support: Disabled
 NUMA Support: Disabled
 Compressed Oops: Enabled (32-bit)
 Alignments: Space 512K, Generation 512K, Heap 2M
 Heap Min Capacity: 100M
 Heap Initial Capacity: 100M
 Heap Max Capacity: 512M
 Pre-touch: Disabled
 Parallel Workers: 1
Heap:
 PSYoungGen      total 89088K, used 36864K [0x00000000f5580000, 0x00000000fe080000, 0x0000000100000000)
  eden space 36864K, 100% used [0x00000000f5580000,0x00000000f7980000,0x00000000f7980000)
  from space 52224K, 0% used [0x00000000f7980000,0x00000000f7980000,0x00000000fac80000)
  to   space 25600K, 0% used [0x00000000fac80000,0x00000000fac80000,0x00000000fc580000)
 ParOldGen       total 349696K, used 349696K [0x00000000e0000000, 0x00000000f5580000, 0x00000000f5580000)
  object space 349696K, 100% used [0x00000000e0000000,0x00000000f5580000,0x00000000f5580000)
 Metaspace       used 63988K, committed 65216K, reserved 1114112K
  class space    used 6163K, committed 6592K, reserved 1048576K
GC Heap History (20 events):
Event: 1302.096 GC heap before
{Heap before GC invocations=820 (full 720):
 PSYoungGen      total 89088K, used 36863K [0x00000000f5580000, 0x00000000fe080000, 0x0000000100000000)
  eden space 36864K, 99% used [0x00000000f5580000,0x00000000f797fff8,0x00000000f7980000)
  from space 52224K, 0% used [0x00000000f7980000,0x00000000f7980000,0x00000000fac80000)
  to   space 25600K, 0% used [0x00000000fac80000,0x00000000fac80000,0x00000000fc580000)
 ParOldGen       total 349696K, used 349695K [0x00000000e0000000, 0x00000000f5580000, 0x00000000f5580000)
  object space 349696K, 99% used [0x00000000e0000000,0x00000000f557ff38,0x00000000f5580000)
 Metaspace       used 63987K, committed 65216K, reserved 1114112K
  class space    used 6162K, committed 6592K, reserved 1048576K
}
Event: 1303.294 GC heap after
{Heap after GC invocations=820 (full 720):
 PSYoungGen      total 62464K, used 36863K [0x00000000f5580000, 0x00000000fe080000, 0x0000000100000000)
  eden space 36864K, 99% used [0x00000000f5580000,0x00000000f797ff80,0x00000000f7980000)
  from space 25600K, 0% used [0x00000000fac80000,0x00000000fac80000,0x00000000fc580000)
  to   space 52224K, 0% used [0x00000000f7980000,0x00000000f7980000,0x00000000fac80000)
 ParOldGen       total 349696K, used 349694K [0x00000000e0000000, 0x00000000f5580000, 0x00000000f5580000)
  object space 349696K, 99% used [0x00000000e0000000,0x00000000f557fb20,0x00000000f5580000)
 Metaspace       used 63987K, committed 65216K, reserved 1114112K
  class space    used 6162K, committed 6592K, reserved 1048576K
}
Event: 1303.294 GC heap before
{Heap before GC invocations=821 (full 721):
 PSYoungGen      total 62464K, used 36863K [0x00000000f5580000, 0x00000000fe080000, 0x0000000100000000)
  eden space 36864K, 99% used [0x00000000f5580000,0x00000000f797ffa0,0x00000000f7980000)
  from space 25600K, 0% used [0x00000000fac80000,0x00000000fac80000,0x00000000fc580000)
  to   space 52224K, 0% used [0x00000000f7980000,0x00000000f7980000,0x00000000fac80000)
 ParOldGen       total 349696K, used 349694K [0x00000000e0000000, 0x00000000f5580000, 0x00000000f5580000)
  object space 349696K, 99% used [0x00000000e0000000,0x00000000f557fb20,0x00000000f5580000)
 Metaspace       used 63988K, committed 65216K, reserved 1114112K
  class space    used 6163K, committed 6592K, reserved 1048576K
}
Event: 1304.491 GC heap after
{Heap after GC invocations=821 (full 721):
 PSYoungGen      total 89088K, used 36863K [0x00000000f5580000, 0x00000000fe080000, 0x0000000100000000)
  eden space 36864K, 99% used [0x00000000f5580000,0x00000000f797ffa0,0x00000000f7980000)
  from space 52224K, 0% used [0x00000000f7980000,0x00000000f7980000,0x00000000fac80000)
  to   space 25600K, 0% used [0x00000000fac80000,0x00000000fac80000,0x00000000fc580000)
 ParOldGen       total 349696K, used 349693K [0x00000000e0000000, 0x00000000f5580000, 0x00000000f5580000)
  object space 349696K, 99% used [0x00000000e0000000,0x00000000f557f4f0,0x00000000f5580000)
 Metaspace       used 63988K, committed 65216K, reserved 1114112K
  class space    used 6163K, committed 6592K, reserved 1048576K
}
Event: 1304.491 GC heap before
{Heap before GC invocations=822 (full 722):
 PSYoungGen      total 89088K, used 36864K [0x00000000f5580000, 0x00000000fe080000, 0x0000000100000000)
  eden space 36864K, 100% used [0x00000000f5580000,0x00000000f7980000,0x00000000f7980000)
  from space 52224K, 0% used [0x00000000f7980000,0x00000000f7980000,0x00000000fac80000)
  to   space 25600K, 0% used [0x00000000fac80000,0x00000000fac80000,0x00000000fc580000)
 ParOldGen       total 349696K, used 349695K [0x00000000e0000000, 0x00000000f5580000, 0x00000000f5580000)
  object space 349696K, 99% used [0x00000000e0000000,0x00000000f557fe30,0x00000000f5580000)
 Metaspace       used 63988K, committed 65216K, reserved 1114112K
  class space    used 6163K, committed 6592K, reserved 1048576K
}
Event: 1305.779 GC heap after
{Heap after GC invocations=822 (full 722):
 PSYoungGen      total 62464K, used 36863K [0x00000000f5580000, 0x00000000fe080000, 0x0000000100000000)
  eden space 36864K, 99% used [0x00000000f5580000,0x00000000f797ffe0,0x00000000f7980000)
  from space 25600K, 0% used [0x00000000fac80000,0x00000000fac80000,0x00000000fc580000)
  to   space 52224K, 0% used [0x00000000f7980000,0x00000000f7980000,0x00000000fac80000)
 ParOldGen       total 349696K, used 349694K [0x00000000e0000000, 0x00000000f5580000, 0x00000000f5580000)
  object space 349696K, 99% used [0x00000000e0000000,0x00000000f557f880,0x00000000f5580000)
 Metaspace       used 63988K, committed 65216K, reserved 1114112K
  class space    used 6163K, committed 6592K, reserved 1048576K
}
Event: 1305.780 GC heap before
{Heap before GC invocations=823 (full 723):
 PSYoungGen      total 62464K, used 36864K [0x00000000f5580000, 0x00000000fe080000, 0x0000000100000000)
  eden space 36864K, 100% used [0x00000000f5580000,0x00000000f7980000,0x00000000f7980000)
  from space 25600K, 0% used [0x00000000fac80000,0x00000000fac80000,0x00000000fc580000)
  to   space 52224K, 0% used [0x00000000f7980000,0x00000000f7980000,0x00000000fac80000)
 ParOldGen       total 349696K, used 349695K [0x00000000e0000000, 0x00000000f5580000, 0x00000000f5580000)
  object space 349696K, 99% used [0x00000000e0000000,0x00000000f557ffe8,0x00000000f5580000)
 Metaspace       used 63988K, committed 65216K, reserved 1114112K
  class space    used 6163K, committed 6592K, reserved 1048576K
}
Event: 1307.009 GC heap after
{Heap after GC invocations=823 (full 723):
 PSYoungGen      total 89088K, used 36863K [0x00000000f5580000, 0x00000000fe080000, 0x0000000100000000)
  eden space 36864K, 99% used [0x00000000f5580000,0x00000000f797ffe0,0x00000000f7980000)
  from space 52224K, 0% used [0x00000000f7980000,0x00000000f7980000,0x00000000fac80000)
  to   space 25600K, 0% used [0x00000000fac80000,0x00000000fac80000,0x00000000fc580000)
 ParOldGen       total 349696K, used 349694K [0x00000000e0000000, 0x00000000f5580000, 0x00000000f5580000)
  object space 349696K, 99% used [0x00000000e0000000,0x00000000f557fbe8,0x00000000f5580000)
 Metaspace       used 63988K, committed 65216K, reserved 1114112K
  class space    used 6163K, committed 6592K, reserved 1048576K
}
Event: 1307.009 GC heap before
{Heap before GC invocations=824 (full 724):
 PSYoungGen      total 89088K, used 36864K [0x00000000f5580000, 0x00000000fe080000, 0x0000000100000000)
  eden space 36864K, 100% used [0x00000000f5580000,0x00000000f7980000,0x00000000f7980000)
  from space 52224K, 0% used [0x00000000f7980000,0x00000000f7980000,0x00000000fac80000)
  to   space 25600K, 0% used [0x00000000fac80000,0x00000000fac80000,0x00000000fc580000)
 ParOldGen       total 349696K, used 349694K [0x00000000e0000000, 0x00000000f5580000, 0x00000000f5580000)
  object space 349696K, 99% used [0x00000000e0000000,0x00000000f557fbe8,0x00000000f5580000)
 Metaspace       used 63988K, committed 65216K, reserved 1114112K
  class space    used 6163K, committed 6592K, reserved 1048576K
}
Event: 1308.373 GC heap after
{Heap after GC invocations=824 (full 724):
 PSYoungGen      total 62464K, used 36864K [0x00000000f5580000, 0x00000000fe080000, 0x0000000100000000)
  eden space 36864K, 100% used [0x00000000f5580000,0x00000000f7980000,0x00000000f7980000)
  from space 25600K, 0% used [0x00000000fac80000,0x00000000fac80000,0x00000000fc580000)
  to   space 52224K, 0% used [0x00000000f7980000,0x00000000f7980000,0x00000000fac80000)
 ParOldGen       total 349696K, used 349694K [0x00000000e0000000, 0x00000000f5580000, 0x00000000f5580000)
  object space 349696K, 99% used [0x00000000e0000000,0x00000000f557fbd0,0x00000000f5580000)
 Metaspace       used 63988K, committed 65216K, reserved 1114112K
  class space    used 6163K, committed 6592K, reserved 1048576K
}
Event: 1308.373 GC heap before
{Heap before GC invocations=825 (full 725):
 PSYoungGen      total 62464K, used 36864K [0x00000000f5580000, 0x00000000fe080000, 0x0000000100000000)
  eden space 36864K, 100% used [0x00000000f5580000,0x00000000f7980000,0x00000000f7980000)
  from space 25600K, 0% used [0x00000000fac80000,0x00000000fac80000,0x00000000fc580000)
  to   space 52224K, 0% used [0x00000000f7980000,0x00000000f7980000,0x00000000fac80000)
 ParOldGen       total 349696K, used 349696K [0x00000000e0000000, 0x00000000f5580000, 0x00000000f5580000)
  object space 349696K, 100% used [0x00000000e0000000,0x00000000f5580000,0x00000000f5580000)
 Metaspace       used 63988K, committed 65216K, reserved 1114112K
  class space    used 6163K, committed 6592K, reserved 1048576K
}
Event: 1309.698 GC heap after
{Heap after GC invocations=825 (full 725):
 PSYoungGen      total 89088K, used 36864K [0x00000000f5580000, 0x00000000fe080000, 0x0000000100000000)
  eden space 36864K, 100% used [0x00000000f5580000,0x00000000f7980000,0x00000000f7980000)
  from space 52224K, 0% used [0x00000000f7980000,0x00000000f7980000,0x00000000fac80000)
  to   space 25600K, 0% used [0x00000000fac80000,0x00000000fac80000,0x00000000fc580000)
 ParOldGen       total 349696K, used 349695K [0x00000000e0000000, 0x00000000f5580000, 0x00000000f5580000)
  object space 349696K, 99% used [0x00000000e0000000,0x00000000f557fdd8,0x00000000f5580000)
 Metaspace       used 63988K, committed 65216K, reserved 1114112K
  class space    used 6163K, committed 6592K, reserved 1048576K
}
Event: 1309.699 GC heap before
{Heap before GC invocations=826 (full 726):
 PSYoungGen      total 89088K, used 36864K [0x00000000f5580000, 0x00000000fe080000, 0x0000000100000000)
  eden space 36864K, 100% used [0x00000000f5580000,0x00000000f7980000,0x00000000f7980000)
  from space 52224K, 0% used [0x00000000f7980000,0x00000000f7980000,0x00000000fac80000)
  to   space 25600K, 0% used [0x00000000fac80000,0x00000000fac80000,0x00000000fc580000)
 ParOldGen       total 349696K, used 349695K [0x00000000e0000000, 0x00000000f5580000, 0x00000000f5580000)
  object space 349696K, 99% used [0x00000000e0000000,0x00000000f557fff8,0x00000000f5580000)
 Metaspace       used 63988K, committed 65216K, reserved 1114112K
  class space    used 6163K, committed 6592K, reserved 1048576K
}
Event: 1311.022 GC heap after
{Heap after GC invocations=826 (full 726):
 PSYoungGen      total 62464K, used 36864K [0x00000000f5580000, 0x00000000fe080000, 0x0000000100000000)
  eden space 36864K, 100% used [0x00000000f5580000,0x00000000f7980000,0x00000000f7980000)
  from space 25600K, 0% used [0x00000000fac80000,0x00000000fac80000,0x00000000fc580000)
  to   space 52224K, 0% used [0x00000000f7980000,0x00000000f7980000,0x00000000fac80000)
 ParOldGen       total 349696K, used 349695K [0x00000000e0000000, 0x00000000f5580000, 0x00000000f5580000)
  object space 349696K, 99% used [0x00000000e0000000,0x00000000f557fdb8,0x00000000f5580000)
 Metaspace       used 63988K, committed 65216K, reserved 1114112K
  class space    used 6163K, committed 6592K, reserved 1048576K
}
Event: 1311.022 GC heap before
{Heap before GC invocations=827 (full 727):
 PSYoungGen      total 62464K, used 36864K [0x00000000f5580000, 0x00000000fe080000, 0x0000000100000000)
  eden space 36864K, 100% used [0x00000000f5580000,0x00000000f7980000,0x00000000f7980000)
  from space 25600K, 0% used [0x00000000fac80000,0x00000000fac80000,0x00000000fc580000)
  to   space 52224K, 0% used [0x00000000f7980000,0x00000000f7980000,0x00000000fac80000)
 ParOldGen       total 349696K, used 349695K [0x00000000e0000000, 0x00000000f5580000, 0x00000000f5580000)
  object space 349696K, 99% used [0x00000000e0000000,0x00000000f557fdc8,0x00000000f5580000)
 Metaspace       used 63988K, committed 65216K, reserved 1114112K
  class space    used 6163K, committed 6592K, reserved 1048576K
}
Event: 1312.386 GC heap after
{Heap after GC invocations=827 (full 727):
 PSYoungGen      total 89088K, used 36864K [0x00000000f5580000, 0x00000000fe080000, 0x0000000100000000)
  eden space 36864K, 100% used [0x00000000f5580000,0x00000000f7980000,0x00000000f7980000)
  from space 52224K, 0% used [0x00000000f7980000,0x00000000f7980000,0x00000000fac80000)
  to   space 25600K, 0% used [0x00000000fac80000,0x00000000fac80000,0x00000000fc580000)
 ParOldGen       total 349696K, used 349695K [0x00000000e0000000, 0x00000000f5580000, 0x00000000f5580000)
  object space 349696K, 99% used [0x00000000e0000000,0x00000000f557fdb8,0x00000000f5580000)
 Metaspace       used 63988K, committed 65216K, reserved 1114112K
  class space    used 6163K, committed 6592K, reserved 1048576K
}
Event: 1312.386 GC heap before
{Heap before GC invocations=828 (full 728):
 PSYoungGen      total 89088K, used 36864K [0x00000000f5580000, 0x00000000fe080000, 0x0000000100000000)
  eden space 36864K, 100% used [0x00000000f5580000,0x00000000f7980000,0x00000000f7980000)
  from space 52224K, 0% used [0x00000000f7980000,0x00000000f7980000,0x00000000fac80000)
  to   space 25600K, 0% used [0x00000000fac80000,0x00000000fac80000,0x00000000fc580000)
 ParOldGen       total 349696K, used 349695K [0x00000000e0000000, 0x00000000f5580000, 0x00000000f5580000)
  object space 349696K, 99% used [0x00000000e0000000,0x00000000f557fe08,0x00000000f5580000)
 Metaspace       used 63988K, committed 65216K, reserved 1114112K
  class space    used 6163K, committed 6592K, reserved 1048576K
}
Event: 1313.574 GC heap after
{Heap after GC invocations=828 (full 728):
 PSYoungGen      total 62464K, used 36864K [0x00000000f5580000, 0x00000000fe080000, 0x0000000100000000)
  eden space 36864K, 100% used [0x00000000f5580000,0x00000000f7980000,0x00000000f7980000)
  from space 25600K, 0% used [0x00000000fac80000,0x00000000fac80000,0x00000000fc580000)
  to   space 52224K, 0% used [0x00000000f7980000,0x00000000f7980000,0x00000000fac80000)
 ParOldGen       total 349696K, used 349695K [0x00000000e0000000, 0x00000000f5580000, 0x00000000f5580000)
  object space 349696K, 99% used [0x00000000e0000000,0x00000000f557fd98,0x00000000f5580000)
 Metaspace       used 63988K, committed 65216K, reserved 1114112K
  class space    used 6163K, committed 6592K, reserved 1048576K
}
Event: 1313.574 GC heap before
{Heap before GC invocations=829 (full 729):
 PSYoungGen      total 62464K, used 36864K [0x00000000f5580000, 0x00000000fe080000, 0x0000000100000000)
  eden space 36864K, 100% used [0x00000000f5580000,0x00000000f7980000,0x00000000f7980000)
  from space 25600K, 0% used [0x00000000fac80000,0x00000000fac80000,0x00000000fc580000)
  to   space 52224K, 0% used [0x00000000f7980000,0x00000000f7980000,0x00000000fac80000)
 ParOldGen       total 349696K, used 349695K [0x00000000e0000000, 0x00000000f5580000, 0x00000000f5580000)
  object space 349696K, 99% used [0x00000000e0000000,0x00000000f557fd98,0x00000000f5580000)
 Metaspace       used 63988K, committed 65216K, reserved 1114112K
  class space    used 6163K, committed 6592K, reserved 1048576K
}
Event: 1314.692 GC heap after
{Heap after GC invocations=829 (full 729):
 PSYoungGen      total 89088K, used 36864K [0x00000000f5580000, 0x00000000fe080000, 0x0000000100000000)
  eden space 36864K, 100% used [0x00000000f5580000,0x00000000f7980000,0x00000000f7980000)
  from space 52224K, 0% used [0x00000000f7980000,0x00000000f7980000,0x00000000fac80000)
  to   space 25600K, 0% used [0x00000000fac80000,0x00000000fac80000,0x00000000fc580000)
 ParOldGen       total 349696K, used 349695K [0x00000000e0000000, 0x00000000f5580000, 0x00000000f5580000)
  object space 349696K, 99% used [0x00000000e0000000,0x00000000f557fd98,0x00000000f5580000)
 Metaspace       used 63988K, committed 65216K, reserved 1114112K
  class space    used 6163K, committed 6592K, reserved 1048576K
}

