# JRE version: OpenJDK Runtime Environment GraalVM CE 22.3.0 (17.0.5+8) (build 17.0.5+8-jvmci-22.3-b08)
# Java VM: OpenJDK 64-Bit Server VM GraalVM CE 22.3.0 (17.0.5+8-jvmci-22.3-b08, mixed mode, sharing, tiered, jvmci, jvmci compiler, compressed oops, compressed class ptrs, parallel gc, linux-amd64)
GC Precious Log:
 CPUs: 8 total, 1 available
 Memory: 1024M
 Large Page Support: Disabled
 NUMA Support: Disabled
 Compressed Oops: Enabled (32-bit)
 Alignments: Space 512K, Generation 512K, Heap 2M
 Heap Min Capacity: 100M
 Heap Initial Capacity: 100M
 Heap Max Capacity: 512M
 Pre-touch: Disabled
 Parallel Workers: 1
Heap:
 PSYoungGen      total 28672K, used 20991K [0x00000000f5580000, 0x00000000f7c00000, 0x0000000100000000)
  eden space 20992K, 99% used [0x00000000f5580000,0x00000000f69ffff0,0x00000000f6a00000)
  from space 7680K, 0% used [0x00000000f6a00000,0x00000000f6a00000,0x00000000f7180000)
  to   space 7680K, 0% used [0x00000000f7480000,0x00000000f7480000,0x00000000f7c00000)
 ParOldGen       total 349696K, used 349690K [0x00000000e0000000, 0x00000000f5580000, 0x00000000f5580000)
  object space 349696K, 99% used [0x00000000e0000000,0x00000000f557eb60,0x00000000f5580000)
 Metaspace       used 59121K, committed 60096K, reserved 1105920K
  class space    used 5406K, committed 5824K, reserved 1048576K
GC Heap History (20 events):
Event: 1180.807 GC heap before
{Heap before GC invocations=704 (full 583):
 PSYoungGen      total 28672K, used 20992K [0x00000000f5580000, 0x00000000f7c00000, 0x0000000100000000)
  eden space 20992K, 100% used [0x00000000f5580000,0x00000000f6a00000,0x00000000f6a00000)
  from space 7680K, 0% used [0x00000000f6a00000,0x00000000f6a00000,0x00000000f7180000)
  to   space 7680K, 0% used [0x00000000f7480000,0x00000000f7480000,0x00000000f7c00000)
 ParOldGen       total 349696K, used 349694K [0x00000000e0000000, 0x00000000f5580000, 0x00000000f5580000)
  object space 349696K, 99% used [0x00000000e0000000,0x00000000f557f960,0x00000000f5580000)
 Metaspace       used 59121K, committed 60096K, reserved 1105920K
  class space    used 5406K, committed 5824K, reserved 1048576K
}
Event: 1182.278 GC heap after
{Heap after GC invocations=704 (full 583):
 PSYoungGen      total 28672K, used 20991K [0x00000000f5580000, 0x00000000f7c00000, 0x0000000100000000)
  eden space 20992K, 99% used [0x00000000f5580000,0x00000000f69ffc50,0x00000000f6a00000)
  from space 7680K, 0% used [0x00000000f7480000,0x00000000f7480000,0x00000000f7c00000)
  to   space 7680K, 0% used [0x00000000f6a00000,0x00000000f6a00000,0x00000000f7180000)
 ParOldGen       total 349696K, used 349694K [0x00000000e0000000, 0x00000000f5580000, 0x00000000f5580000)
  object space 349696K, 99% used [0x00000000e0000000,0x00000000f557f8f0,0x00000000f5580000)
 Metaspace       used 59121K, committed 60096K, reserved 1105920K
  class space    used 5406K, committed 5824K, reserved 1048576K
}
Event: 1182.279 GC heap before
{Heap before GC invocations=705 (full 584):
 PSYoungGen      total 28672K, used 20991K [0x00000000f5580000, 0x00000000f7c00000, 0x0000000100000000)
  eden space 20992K, 99% used [0x00000000f5580000,0x00000000f69ffff0,0x00000000f6a00000)
  from space 7680K, 0% used [0x00000000f7480000,0x00000000f7480000,0x00000000f7c00000)
  to   space 7680K, 0% used [0x00000000f6a00000,0x00000000f6a00000,0x00000000f7180000)
 ParOldGen       total 349696K, used 349694K [0x00000000e0000000, 0x00000000f5580000, 0x00000000f5580000)
  object space 349696K, 99% used [0x00000000e0000000,0x00000000f557f8f0,0x00000000f5580000)
 Metaspace       used 59121K, committed 60096K, reserved 1105920K
  class space    used 5406K, committed 5824K, reserved 1048576K
}
Event: 1183.998 GC heap after
{Heap after GC invocations=705 (full 584):
 PSYoungGen      total 28672K, used 20991K [0x00000000f5580000, 0x00000000f7c00000, 0x0000000100000000)
  eden space 20992K, 99% used [0x00000000f5580000,0x00000000f69fff68,0x00000000f6a00000)
  from space 7680K, 0% used [0x00000000f6a00000,0x00000000f6a00000,0x00000000f7180000)
  to   space 7680K, 0% used [0x00000000f7480000,0x00000000f7480000,0x00000000f7c00000)
 ParOldGen       total 349696K, used 349694K [0x00000000e0000000, 0x00000000f5580000, 0x00000000f5580000)
  object space 349696K, 99% used [0x00000000e0000000,0x00000000f557f8a0,0x00000000f5580000)
 Metaspace       used 59121K, committed 60096K, reserved 1105920K
  class space    used 5406K, committed 5824K, reserved 1048576K
}
Event: 1183.998 GC heap before
{Heap before GC invocations=706 (full 585):
 PSYoungGen      total 28672K, used 20992K [0x00000000f5580000, 0x00000000f7c00000, 0x0000000100000000)
  eden space 20992K, 100% used [0x00000000f5580000,0x00000000f6a00000,0x00000000f6a00000)
  from space 7680K, 0% used [0x00000000f6a00000,0x00000000f6a00000,0x00000000f7180000)
  to   space 7680K, 0% used [0x00000000f7480000,0x00000000f7480000,0x00000000f7c00000)
 ParOldGen       total 349696K, used 349694K [0x00000000e0000000, 0x00000000f5580000, 0x00000000f5580000)
  object space 349696K, 99% used [0x00000000e0000000,0x00000000f557f8a0,0x00000000f5580000)
 Metaspace       used 59121K, committed 60096K, reserved 1105920K
  class space    used 5406K, committed 5824K, reserved 1048576K
}
Event: 1186.380 GC heap after
{Heap after GC invocations=706 (full 585):
 PSYoungGen      total 28672K, used 20992K [0x00000000f5580000, 0x00000000f7c00000, 0x0000000100000000)
  eden space 20992K, 100% used [0x00000000f5580000,0x00000000f6a00000,0x00000000f6a00000)
  from space 7680K, 0% used [0x00000000f7480000,0x00000000f7480000,0x00000000f7c00000)
  to   space 7680K, 0% used [0x00000000f6a00000,0x00000000f6a00000,0x00000000f7180000)
 ParOldGen       total 349696K, used 349694K [0x00000000e0000000, 0x00000000f5580000, 0x00000000f5580000)
  object space 349696K, 99% used [0x00000000e0000000,0x00000000f557f8a0,0x00000000f5580000)
 Metaspace       used 59121K, committed 60096K, reserved 1105920K
  class space    used 5406K, committed 5824K, reserved 1048576K
}
Event: 1186.380 GC heap before
{Heap before GC invocations=707 (full 586):
 PSYoungGen      total 28672K, used 20992K [0x00000000f5580000, 0x00000000f7c00000, 0x0000000100000000)
  eden space 20992K, 100% used [0x00000000f5580000,0x00000000f6a00000,0x00000000f6a00000)
  from space 7680K, 0% used [0x00000000f7480000,0x00000000f7480000,0x00000000f7c00000)
  to   space 7680K, 0% used [0x00000000f6a00000,0x00000000f6a00000,0x00000000f7180000)
 ParOldGen       total 349696K, used 349696K [0x00000000e0000000, 0x00000000f5580000, 0x00000000f5580000)
  object space 349696K, 100% used [0x00000000e0000000,0x00000000f5580000,0x00000000f5580000)
 Metaspace       used 59121K, committed 60096K, reserved 1105920K
  class space    used 5406K, committed 5824K, reserved 1048576K
}
Event: 1187.870 GC heap after
{Heap after GC invocations=707 (full 586):
 PSYoungGen      total 28672K, used 20992K [0x00000000f5580000, 0x00000000f7c00000, 0x0000000100000000)
  eden space 20992K, 100% used [0x00000000f5580000,0x00000000f6a00000,0x00000000f6a00000)
  from space 7680K, 0% used [0x00000000f6a00000,0x00000000f6a00000,0x00000000f7180000)
  to   space 7680K, 0% used [0x00000000f7480000,0x00000000f7480000,0x00000000f7c00000)
 ParOldGen       total 349696K, used 349695K [0x00000000e0000000, 0x00000000f5580000, 0x00000000f5580000)
  object space 349696K, 99% used [0x00000000e0000000,0x00000000f557ffe8,0x00000000f5580000)
 Metaspace       used 59121K, committed 60096K, reserved 1105920K
  class space    used 5406K, committed 5824K, reserved 1048576K
}
Event: 1187.870 GC heap before
{Heap before GC invocations=708 (full 587):
 PSYoungGen      total 28672K, used 20992K [0x00000000f5580000, 0x00000000f7c00000, 0x0000000100000000)
  eden space 20992K, 100% used [0x00000000f5580000,0x00000000f6a00000,0x00000000f6a00000)
  from space 7680K, 0% used [0x00000000f6a00000,0x00000000f6a00000,0x00000000f7180000)
  to   space 7680K, 0% used [0x00000000f7480000,0x00000000f7480000,0x00000000f7c00000)
 ParOldGen       total 349696K, used 349696K [0x00000000e0000000, 0x00000000f5580000, 0x00000000f5580000)
  object space 349696K, 100% used [0x00000000e0000000,0x00000000f5580000,0x00000000f5580000)
 Metaspace       used 59121K, committed 60096K, reserved 1105920K
  class space    used 5406K, committed 5824K, reserved 1048576K
}
Event: 1189.670 GC heap after
{Heap after GC invocations=708 (full 587):
 PSYoungGen      total 28672K, used 20992K [0x00000000f5580000, 0x00000000f7c00000, 0x0000000100000000)
  eden space 20992K, 100% used [0x00000000f5580000,0x00000000f6a00000,0x00000000f6a00000)
  from space 7680K, 0% used [0x00000000f7480000,0x00000000f7480000,0x00000000f7c00000)
  to   space 7680K, 0% used [0x00000000f6a00000,0x00000000f6a00000,0x00000000f7180000)
 ParOldGen       total 349696K, used 349696K [0x00000000e0000000, 0x00000000f5580000, 0x00000000f5580000)
  object space 349696K, 100% used [0x00000000e0000000,0x00000000f5580000,0x00000000f5580000)
 Metaspace       used 59121K, committed 60096K, reserved 1105920K
  class space    used 5406K, committed 5824K, reserved 1048576K
}
Event: 1189.670 GC heap before
{Heap before GC invocations=709 (full 588):
 PSYoungGen      total 28672K, used 20992K [0x00000000f5580000, 0x00000000f7c00000, 0x0000000100000000)
  eden space 20992K, 100% used [0x00000000f5580000,0x00000000f6a00000,0x00000000f6a00000)
  from space 7680K, 0% used [0x00000000f7480000,0x00000000f7480000,0x00000000f7c00000)
  to   space 7680K, 0% used [0x00000000f6a00000,0x00000000f6a00000,0x00000000f7180000)
 ParOldGen       total 349696K, used 349696K [0x00000000e0000000, 0x00000000f5580000, 0x00000000f5580000)
  object space 349696K, 100% used [0x00000000e0000000,0x00000000f5580000,0x00000000f5580000)
 Metaspace       used 59121K, committed 60096K, reserved 1105920K
  class space    used 5406K, committed 5824K, reserved 1048576K
}
Event: 1191.100 GC heap after
{Heap after GC invocations=709 (full 588):
 PSYoungGen      total 28672K, used 20992K [0x00000000f5580000, 0x00000000f7c00000, 0x0000000100000000)
  eden space 20992K, 100% used [0x00000000f5580000,0x00000000f6a00000,0x00000000f6a00000)
  from space 7680K, 0% used [0x00000000f6a00000,0x00000000f6a00000,0x00000000f7180000)
  to   space 7680K, 0% used [0x00000000f7480000,0x00000000f7480000,0x00000000f7c00000)
 ParOldGen       total 349696K, used 349695K [0x00000000e0000000, 0x00000000f5580000, 0x00000000f5580000)
  object space 349696K, 99% used [0x00000000e0000000,0x00000000f557ffa8,0x00000000f5580000)
 Metaspace       used 59121K, committed 60096K, reserved 1105920K
  class space    used 5406K, committed 5824K, reserved 1048576K
}
Event: 1191.101 GC heap before
{Heap before GC invocations=710 (full 589):
 PSYoungGen      total 28672K, used 20992K [0x00000000f5580000, 0x00000000f7c00000, 0x0000000100000000)
  eden space 20992K, 100% used [0x00000000f5580000,0x00000000f6a00000,0x00000000f6a00000)
  from space 7680K, 0% used [0x00000000f6a00000,0x00000000f6a00000,0x00000000f7180000)
  to   space 7680K, 0% used [0x00000000f7480000,0x00000000f7480000,0x00000000f7c00000)
 ParOldGen       total 349696K, used 349696K [0x00000000e0000000, 0x00000000f5580000, 0x00000000f5580000)
  object space 349696K, 100% used [0x00000000e0000000,0x00000000f5580000,0x00000000f5580000)
 Metaspace       used 59121K, committed 60096K, reserved 1105920K
  class space    used 5406K, committed 5824K, reserved 1048576K
}
Event: 1192.767 GC heap after
{Heap after GC invocations=710 (full 589):
 PSYoungGen      total 28672K, used 20992K [0x00000000f5580000, 0x00000000f7c00000, 0x0000000100000000)
  eden space 20992K, 100% used [0x00000000f5580000,0x00000000f6a00000,0x00000000f6a00000)
  from space 7680K, 0% used [0x00000000f7480000,0x00000000f7480000,0x00000000f7c00000)
  to   space 7680K, 0% used [0x00000000f6a00000,0x00000000f6a00000,0x00000000f7180000)
 ParOldGen       total 349696K, used 349695K [0x00000000e0000000, 0x00000000f5580000, 0x00000000f5580000)
  object space 349696K, 99% used [0x00000000e0000000,0x00000000f557ffe0,0x00000000f5580000)
 Metaspace       used 59121K, committed 60096K, reserved 1105920K
  class space    used 5406K, committed 5824K, reserved 1048576K
}
Event: 1192.768 GC heap before
{Heap before GC invocations=711 (full 590):
 PSYoungGen      total 28672K, used 20992K [0x00000000f5580000, 0x00000000f7c00000, 0x0000000100000000)
  eden space 20992K, 100% used [0x00000000f5580000,0x00000000f6a00000,0x00000000f6a00000)
  from space 7680K, 0% used [0x00000000f7480000,0x00000000f7480000,0x00000000f7c00000)
  to   space 7680K, 0% used [0x00000000f6a00000,0x00000000f6a00000,0x00000000f7180000)
 ParOldGen       total 349696K, used 349695K [0x00000000e0000000, 0x00000000f5580000, 0x00000000f5580000)
  object space 349696K, 99% used [0x00000000e0000000,0x00000000f557fff8,0x00000000f5580000)
 Metaspace       used 59121K, committed 60096K, reserved 1105920K
  class space    used 5406K, committed 5824K, reserved 1048576K
}
Event: 1195.693 GC heap after
{Heap after GC invocations=711 (full 590):
 PSYoungGen      total 28672K, used 20992K [0x00000000f5580000, 0x00000000f7c00000, 0x0000000100000000)
  eden space 20992K, 100% used [0x00000000f5580000,0x00000000f6a00000,0x00000000f6a00000)
  from space 7680K, 0% used [0x00000000f6a00000,0x00000000f6a00000,0x00000000f7180000)
  to   space 7680K, 0% used [0x00000000f7480000,0x00000000f7480000,0x00000000f7c00000)
 ParOldGen       total 349696K, used 349695K [0x00000000e0000000, 0x00000000f5580000, 0x00000000f5580000)
  object space 349696K, 99% used [0x00000000e0000000,0x00000000f557fff8,0x00000000f5580000)
 Metaspace       used 59121K, committed 60096K, reserved 1105920K
  class space    used 5406K, committed 5824K, reserved 1048576K
}
Event: 1195.693 GC heap before
{Heap before GC invocations=712 (full 591):
 PSYoungGen      total 28672K, used 20992K [0x00000000f5580000, 0x00000000f7c00000, 0x0000000100000000)
  eden space 20992K, 100% used [0x00000000f5580000,0x00000000f6a00000,0x00000000f6a00000)
  from space 7680K, 0% used [0x00000000f6a00000,0x00000000f6a00000,0x00000000f7180000)
  to   space 7680K, 0% used [0x00000000f7480000,0x00000000f7480000,0x00000000f7c00000)
 ParOldGen       total 349696K, used 349695K [0x00000000e0000000, 0x00000000f5580000, 0x00000000f5580000)
  object space 349696K, 99% used [0x00000000e0000000,0x00000000f557fff8,0x00000000f5580000)
 Metaspace       used 59121K, committed 60096K, reserved 1105920K
  class space    used 5406K, committed 5824K, reserved 1048576K
}
Event: 1198.190 GC heap after
{Heap after GC invocations=712 (full 591):
 PSYoungGen      total 28672K, used 20992K [0x00000000f5580000, 0x00000000f7c00000, 0x0000000100000000)
  eden space 20992K, 100% used [0x00000000f5580000,0x00000000f6a00000,0x00000000f6a00000)
  from space 7680K, 0% used [0x00000000f7480000,0x00000000f7480000,0x00000000f7c00000)
  to   space 7680K, 0% used [0x00000000f6a00000,0x00000000f6a00000,0x00000000f7180000)
 ParOldGen       total 349696K, used 349695K [0x00000000e0000000, 0x00000000f5580000, 0x00000000f5580000)
  object space 349696K, 99% used [0x00000000e0000000,0x00000000f557fff8,0x00000000f5580000)
 Metaspace       used 59121K, committed 60096K, reserved 1105920K
  class space    used 5406K, committed 5824K, reserved 1048576K
}
Event: 1198.191 GC heap before
{Heap before GC invocations=713 (full 592):
 PSYoungGen      total 28672K, used 20992K [0x00000000f5580000, 0x00000000f7c00000, 0x0000000100000000)
  eden space 20992K, 100% used [0x00000000f5580000,0x00000000f6a00000,0x00000000f6a00000)
  from space 7680K, 0% used [0x00000000f7480000,0x00000000f7480000,0x00000000f7c00000)
  to   space 7680K, 0% used [0x00000000f6a00000,0x00000000f6a00000,0x00000000f7180000)
 ParOldGen       total 349696K, used 349695K [0x00000000e0000000, 0x00000000f5580000, 0x00000000f5580000)
  object space 349696K, 99% used [0x00000000e0000000,0x00000000f557fff8,0x00000000f5580000)
 Metaspace       used 59121K, committed 60096K, reserved 1105920K
  class space    used 5406K, committed 5824K, reserved 1048576K
}
Event: 1199.706 GC heap after
{Heap after GC invocations=713 (full 592):
 PSYoungGen      total 28672K, used 20991K [0x00000000f5580000, 0x00000000f7c00000, 0x0000000100000000)
  eden space 20992K, 99% used [0x00000000f5580000,0x00000000f69fffa8,0x00000000f6a00000)
  from space 7680K, 0% used [0x00000000f6a00000,0x00000000f6a00000,0x00000000f7180000)
  to   space 7680K, 0% used [0x00000000f7480000,0x00000000f7480000,0x00000000f7c00000)
 ParOldGen       total 349696K, used 349690K [0x00000000e0000000, 0x00000000f5580000, 0x00000000f5580000)
  object space 349696K, 99% used [0x00000000e0000000,0x00000000f557eb60,0x00000000f5580000)
 Metaspace       used 59121K, committed 60096K, reserved 1105920K
  class space    used 5406K, committed 5824K, reserved 1048576K
}

