# JRE version: OpenJDK Runtime Environment GraalVM CE 22.3.0 (17.0.5+8) (build 17.0.5+8-jvmci-22.3-b08)
# Java VM: OpenJDK 64-Bit Server VM GraalVM CE 22.3.0 (17.0.5+8-jvmci-22.3-b08, mixed mode, sharing, tiered, jvmci, jvmci compiler, compressed oops, compressed class ptrs, parallel gc, linux-amd64)
GC Precious Log:
 CPUs: 8 total, 1 available
 Memory: 1024M
 Large Page Support: Disabled
 NUMA Support: Disabled
 Compressed Oops: Enabled (32-bit)
 Alignments: Space 512K, Generation 512K, Heap 2M
 Heap Min Capacity: 100M
 Heap Initial Capacity: 100M
 Heap Max Capacity: 512M
 Pre-touch: Disabled
 Parallel Workers: 1
Heap:
 PSYoungGen      total 52224K, used 30207K [0x00000000f5580000, 0x00000000f9f80000, 0x0000000100000000)
  eden space 30208K, 99% used [0x00000000f5580000,0x00000000f72ffff8,0x00000000f7300000)
  from space 22016K, 0% used [0x00000000f7500000,0x00000000f7500000,0x00000000f8a80000)
  to   space 19968K, 0% used [0x00000000f8a80000,0x00000000f8a80000,0x00000000f9e00000)
 ParOldGen       total 349696K, used 349695K [0x00000000e0000000, 0x00000000f5580000, 0x00000000f5580000)
  object space 349696K, 99% used [0x00000000e0000000,0x00000000f557fff0,0x00000000f5580000)
 Metaspace       used 69520K, committed 70400K, reserved 1114112K
  class space    used 6537K, committed 6912K, reserved 1048576K
GC Heap History (20 events):
Event: 2076.558 GC heap before
{Heap before GC invocations=1398 (full 1169):
 PSYoungGen      total 52224K, used 30207K [0x00000000f5580000, 0x00000000f9f80000, 0x0000000100000000)
  eden space 30208K, 99% used [0x00000000f5580000,0x00000000f72ffff8,0x00000000f7300000)
  from space 22016K, 0% used [0x00000000f7500000,0x00000000f7500000,0x00000000f8a80000)
  to   space 19968K, 0% used [0x00000000f8a80000,0x00000000f8a80000,0x00000000f9e00000)
 ParOldGen       total 349696K, used 349694K [0x00000000e0000000, 0x00000000f5580000, 0x00000000f5580000)
  object space 349696K, 99% used [0x00000000e0000000,0x00000000f557f9c0,0x00000000f5580000)
 Metaspace       used 69519K, committed 70400K, reserved 1114112K
  class space    used 6537K, committed 6912K, reserved 1048576K
}
Event: 2078.438 GC heap after
{Heap after GC invocations=1398 (full 1169):
 PSYoungGen      total 50176K, used 30207K [0x00000000f5580000, 0x00000000f9f80000, 0x0000000100000000)
  eden space 30208K, 99% used [0x00000000f5580000,0x00000000f72fffd8,0x00000000f7300000)
  from space 19968K, 0% used [0x00000000f8a80000,0x00000000f8a80000,0x00000000f9e00000)
  to   space 22016K, 0% used [0x00000000f7500000,0x00000000f7500000,0x00000000f8a80000)
 ParOldGen       total 349696K, used 349694K [0x00000000e0000000, 0x00000000f5580000, 0x00000000f5580000)
  object space 349696K, 99% used [0x00000000e0000000,0x00000000f557f9c0,0x00000000f5580000)
 Metaspace       used 69519K, committed 70400K, reserved 1114112K
  class space    used 6537K, committed 6912K, reserved 1048576K
}
Event: 2078.438 GC heap before
{Heap before GC invocations=1399 (full 1170):
 PSYoungGen      total 50176K, used 30207K [0x00000000f5580000, 0x00000000f9f80000, 0x0000000100000000)
  eden space 30208K, 99% used [0x00000000f5580000,0x00000000f72ffff8,0x00000000f7300000)
  from space 19968K, 0% used [0x00000000f8a80000,0x00000000f8a80000,0x00000000f9e00000)
  to   space 22016K, 0% used [0x00000000f7500000,0x00000000f7500000,0x00000000f8a80000)
 ParOldGen       total 349696K, used 349695K [0x00000000e0000000, 0x00000000f5580000, 0x00000000f5580000)
  object space 349696K, 99% used [0x00000000e0000000,0x00000000f557fff8,0x00000000f5580000)
 Metaspace       used 69519K, committed 70400K, reserved 1114112K
  class space    used 6537K, committed 6912K, reserved 1048576K
}
Event: 2080.177 GC heap after
{Heap after GC invocations=1399 (full 1170):
 PSYoungGen      total 52224K, used 30207K [0x00000000f5580000, 0x00000000f9f80000, 0x0000000100000000)
  eden space 30208K, 99% used [0x00000000f5580000,0x00000000f72fff80,0x00000000f7300000)
  from space 22016K, 0% used [0x00000000f7500000,0x00000000f7500000,0x00000000f8a80000)
  to   space 19968K, 0% used [0x00000000f8a80000,0x00000000f8a80000,0x00000000f9e00000)
 ParOldGen       total 349696K, used 349695K [0x00000000e0000000, 0x00000000f5580000, 0x00000000f5580000)
  object space 349696K, 99% used [0x00000000e0000000,0x00000000f557fe08,0x00000000f5580000)
 Metaspace       used 69519K, committed 70400K, reserved 1114112K
  class space    used 6537K, committed 6912K, reserved 1048576K
}
Event: 2080.231 GC heap before
{Heap before GC invocations=1400 (full 1171):
 PSYoungGen      total 52224K, used 30207K [0x00000000f5580000, 0x00000000f9f80000, 0x0000000100000000)
  eden space 30208K, 99% used [0x00000000f5580000,0x00000000f72fffd8,0x00000000f7300000)
  from space 22016K, 0% used [0x00000000f7500000,0x00000000f7500000,0x00000000f8a80000)
  to   space 19968K, 0% used [0x00000000f8a80000,0x00000000f8a80000,0x00000000f9e00000)
 ParOldGen       total 349696K, used 349695K [0x00000000e0000000, 0x00000000f5580000, 0x00000000f5580000)
  object space 349696K, 99% used [0x00000000e0000000,0x00000000f557fe08,0x00000000f5580000)
 Metaspace       used 69519K, committed 70400K, reserved 1114112K
  class space    used 6537K, committed 6912K, reserved 1048576K
}
Event: 2081.966 GC heap after
{Heap after GC invocations=1400 (full 1171):
 PSYoungGen      total 50176K, used 30207K [0x00000000f5580000, 0x00000000f9f80000, 0x0000000100000000)
  eden space 30208K, 99% used [0x00000000f5580000,0x00000000f72fffd8,0x00000000f7300000)
  from space 19968K, 0% used [0x00000000f8a80000,0x00000000f8a80000,0x00000000f9e00000)
  to   space 22016K, 0% used [0x00000000f7500000,0x00000000f7500000,0x00000000f8a80000)
 ParOldGen       total 349696K, used 349695K [0x00000000e0000000, 0x00000000f5580000, 0x00000000f5580000)
  object space 349696K, 99% used [0x00000000e0000000,0x00000000f557fde8,0x00000000f5580000)
 Metaspace       used 69519K, committed 70400K, reserved 1114112K
  class space    used 6537K, committed 6912K, reserved 1048576K
}
Event: 2081.966 GC heap before
{Heap before GC invocations=1401 (full 1172):
 PSYoungGen      total 50176K, used 30207K [0x00000000f5580000, 0x00000000f9f80000, 0x0000000100000000)
  eden space 30208K, 99% used [0x00000000f5580000,0x00000000f72ffff8,0x00000000f7300000)
  from space 19968K, 0% used [0x00000000f8a80000,0x00000000f8a80000,0x00000000f9e00000)
  to   space 22016K, 0% used [0x00000000f7500000,0x00000000f7500000,0x00000000f8a80000)
 ParOldGen       total 349696K, used 349695K [0x00000000e0000000, 0x00000000f5580000, 0x00000000f5580000)
  object space 349696K, 99% used [0x00000000e0000000,0x00000000f557fff8,0x00000000f5580000)
 Metaspace       used 69519K, committed 70400K, reserved 1114112K
  class space    used 6537K, committed 6912K, reserved 1048576K
}
Event: 2083.857 GC heap after
{Heap after GC invocations=1401 (full 1172):
 PSYoungGen      total 52224K, used 30207K [0x00000000f5580000, 0x00000000f9f80000, 0x0000000100000000)
  eden space 30208K, 99% used [0x00000000f5580000,0x00000000f72fffd8,0x00000000f7300000)
  from space 22016K, 0% used [0x00000000f7500000,0x00000000f7500000,0x00000000f8a80000)
  to   space 19968K, 0% used [0x00000000f8a80000,0x00000000f8a80000,0x00000000f9e00000)
 ParOldGen       total 349696K, used 349695K [0x00000000e0000000, 0x00000000f5580000, 0x00000000f5580000)
  object space 349696K, 99% used [0x00000000e0000000,0x00000000f557ff20,0x00000000f5580000)
 Metaspace       used 69519K, committed 70400K, reserved 1114112K
  class space    used 6537K, committed 6912K, reserved 1048576K
}
Event: 2083.857 GC heap before
{Heap before GC invocations=1402 (full 1173):
 PSYoungGen      total 52224K, used 30207K [0x00000000f5580000, 0x00000000f9f80000, 0x0000000100000000)
  eden space 30208K, 99% used [0x00000000f5580000,0x00000000f72ffff0,0x00000000f7300000)
  from space 22016K, 0% used [0x00000000f7500000,0x00000000f7500000,0x00000000f8a80000)
  to   space 19968K, 0% used [0x00000000f8a80000,0x00000000f8a80000,0x00000000f9e00000)
 ParOldGen       total 349696K, used 349695K [0x00000000e0000000, 0x00000000f5580000, 0x00000000f5580000)
  object space 349696K, 99% used [0x00000000e0000000,0x00000000f557ff20,0x00000000f5580000)
 Metaspace       used 69519K, committed 70400K, reserved 1114112K
  class space    used 6537K, committed 6912K, reserved 1048576K
}
Event: 2085.834 GC heap after
{Heap after GC invocations=1402 (full 1173):
 PSYoungGen      total 50176K, used 30207K [0x00000000f5580000, 0x00000000f9f80000, 0x0000000100000000)
  eden space 30208K, 99% used [0x00000000f5580000,0x00000000f72fffb8,0x00000000f7300000)
  from space 19968K, 0% used [0x00000000f8a80000,0x00000000f8a80000,0x00000000f9e00000)
  to   space 22016K, 0% used [0x00000000f7500000,0x00000000f7500000,0x00000000f8a80000)
 ParOldGen       total 349696K, used 349695K [0x00000000e0000000, 0x00000000f5580000, 0x00000000f5580000)
  object space 349696K, 99% used [0x00000000e0000000,0x00000000f557fe38,0x00000000f5580000)
 Metaspace       used 69519K, committed 70400K, reserved 1114112K
  class space    used 6537K, committed 6912K, reserved 1048576K
}
Event: 2085.835 GC heap before
{Heap before GC invocations=1403 (full 1174):
 PSYoungGen      total 50176K, used 30207K [0x00000000f5580000, 0x00000000f9f80000, 0x0000000100000000)
  eden space 30208K, 99% used [0x00000000f5580000,0x00000000f72ffff8,0x00000000f7300000)
  from space 19968K, 0% used [0x00000000f8a80000,0x00000000f8a80000,0x00000000f9e00000)
  to   space 22016K, 0% used [0x00000000f7500000,0x00000000f7500000,0x00000000f8a80000)
 ParOldGen       total 349696K, used 349695K [0x00000000e0000000, 0x00000000f5580000, 0x00000000f5580000)
  object space 349696K, 99% used [0x00000000e0000000,0x00000000f557fe38,0x00000000f5580000)
 Metaspace       used 69519K, committed 70400K, reserved 1114112K
  class space    used 6537K, committed 6912K, reserved 1048576K
}
Event: 2087.740 GC heap after
{Heap after GC invocations=1403 (full 1174):
 PSYoungGen      total 52224K, used 30207K [0x00000000f5580000, 0x00000000f9f80000, 0x0000000100000000)
  eden space 30208K, 99% used [0x00000000f5580000,0x00000000f72ffff8,0x00000000f7300000)
  from space 22016K, 0% used [0x00000000f7500000,0x00000000f7500000,0x00000000f8a80000)
  to   space 19968K, 0% used [0x00000000f8a80000,0x00000000f8a80000,0x00000000f9e00000)
 ParOldGen       total 349696K, used 349695K [0x00000000e0000000, 0x00000000f5580000, 0x00000000f5580000)
  object space 349696K, 99% used [0x00000000e0000000,0x00000000f557fde0,0x00000000f5580000)
 Metaspace       used 69519K, committed 70400K, reserved 1114112K
  class space    used 6537K, committed 6912K, reserved 1048576K
}
Event: 2087.740 GC heap before
{Heap before GC invocations=1404 (full 1175):
 PSYoungGen      total 52224K, used 30207K [0x00000000f5580000, 0x00000000f9f80000, 0x0000000100000000)
  eden space 30208K, 99% used [0x00000000f5580000,0x00000000f72ffff8,0x00000000f7300000)
  from space 22016K, 0% used [0x00000000f7500000,0x00000000f7500000,0x00000000f8a80000)
  to   space 19968K, 0% used [0x00000000f8a80000,0x00000000f8a80000,0x00000000f9e00000)
 ParOldGen       total 349696K, used 349695K [0x00000000e0000000, 0x00000000f5580000, 0x00000000f5580000)
  object space 349696K, 99% used [0x00000000e0000000,0x00000000f557ffe0,0x00000000f5580000)
 Metaspace       used 69519K, committed 70400K, reserved 1114112K
  class space    used 6537K, committed 6912K, reserved 1048576K
}
Event: 2089.339 GC heap after
{Heap after GC invocations=1404 (full 1175):
 PSYoungGen      total 50176K, used 30207K [0x00000000f5580000, 0x00000000f9f80000, 0x0000000100000000)
  eden space 30208K, 99% used [0x00000000f5580000,0x00000000f72fff80,0x00000000f7300000)
  from space 19968K, 0% used [0x00000000f8a80000,0x00000000f8a80000,0x00000000f9e00000)
  to   space 22016K, 0% used [0x00000000f7500000,0x00000000f7500000,0x00000000f8a80000)
 ParOldGen       total 349696K, used 349695K [0x00000000e0000000, 0x00000000f5580000, 0x00000000f5580000)
  object space 349696K, 99% used [0x00000000e0000000,0x00000000f557fda0,0x00000000f5580000)
 Metaspace       used 69519K, committed 70400K, reserved 1114112K
  class space    used 6537K, committed 6912K, reserved 1048576K
}
Event: 2089.339 GC heap before
{Heap before GC invocations=1405 (full 1176):
 PSYoungGen      total 50176K, used 30207K [0x00000000f5580000, 0x00000000f9f80000, 0x0000000100000000)
  eden space 30208K, 99% used [0x00000000f5580000,0x00000000f72ffff8,0x00000000f7300000)
  from space 19968K, 0% used [0x00000000f8a80000,0x00000000f8a80000,0x00000000f9e00000)
  to   space 22016K, 0% used [0x00000000f7500000,0x00000000f7500000,0x00000000f8a80000)
 ParOldGen       total 349696K, used 349695K [0x00000000e0000000, 0x00000000f5580000, 0x00000000f5580000)
  object space 349696K, 99% used [0x00000000e0000000,0x00000000f557fda0,0x00000000f5580000)
 Metaspace       used 69519K, committed 70400K, reserved 1114112K
  class space    used 6537K, committed 6912K, reserved 1048576K
}
Event: 2090.964 GC heap after
{Heap after GC invocations=1405 (full 1176):
 PSYoungGen      total 52224K, used 30207K [0x00000000f5580000, 0x00000000f9f80000, 0x0000000100000000)
  eden space 30208K, 99% used [0x00000000f5580000,0x00000000f72ffff8,0x00000000f7300000)
  from space 22016K, 0% used [0x00000000f7500000,0x00000000f7500000,0x00000000f8a80000)
  to   space 19968K, 0% used [0x00000000f8a80000,0x00000000f8a80000,0x00000000f9e00000)
 ParOldGen       total 349696K, used 349695K [0x00000000e0000000, 0x00000000f5580000, 0x00000000f5580000)
  object space 349696K, 99% used [0x00000000e0000000,0x00000000f557fd68,0x00000000f5580000)
 Metaspace       used 69519K, committed 70400K, reserved 1114112K
  class space    used 6537K, committed 6912K, reserved 1048576K
}
Event: 2090.964 GC heap before
{Heap before GC invocations=1406 (full 1177):
 PSYoungGen      total 52224K, used 30207K [0x00000000f5580000, 0x00000000f9f80000, 0x0000000100000000)
  eden space 30208K, 99% used [0x00000000f5580000,0x00000000f72ffff8,0x00000000f7300000)
  from space 22016K, 0% used [0x00000000f7500000,0x00000000f7500000,0x00000000f8a80000)
  to   space 19968K, 0% used [0x00000000f8a80000,0x00000000f8a80000,0x00000000f9e00000)
 ParOldGen       total 349696K, used 349695K [0x00000000e0000000, 0x00000000f5580000, 0x00000000f5580000)
  object space 349696K, 99% used [0x00000000e0000000,0x00000000f557ff70,0x00000000f5580000)
 Metaspace       used 69519K, committed 70400K, reserved 1114112K
  class space    used 6537K, committed 6912K, reserved 1048576K
}
Event: 2092.879 GC heap after
{Heap after GC invocations=1406 (full 1177):
 PSYoungGen      total 50176K, used 30207K [0x00000000f5580000, 0x00000000f9f80000, 0x0000000100000000)
  eden space 30208K, 99% used [0x00000000f5580000,0x00000000f72fffd8,0x00000000f7300000)
  from space 19968K, 0% used [0x00000000f8a80000,0x00000000f8a80000,0x00000000f9e00000)
  to   space 22016K, 0% used [0x00000000f7500000,0x00000000f7500000,0x00000000f8a80000)
 ParOldGen       total 349696K, used 349695K [0x00000000e0000000, 0x00000000f5580000, 0x00000000f5580000)
  object space 349696K, 99% used [0x00000000e0000000,0x00000000f557fd38,0x00000000f5580000)
 Metaspace       used 69519K, committed 70400K, reserved 1114112K
  class space    used 6537K, committed 6912K, reserved 1048576K
}
Event: 2092.879 GC heap before
{Heap before GC invocations=1407 (full 1178):
 PSYoungGen      total 50176K, used 30207K [0x00000000f5580000, 0x00000000f9f80000, 0x0000000100000000)
  eden space 30208K, 99% used [0x00000000f5580000,0x00000000f72fffd8,0x00000000f7300000)
  from space 19968K, 0% used [0x00000000f8a80000,0x00000000f8a80000,0x00000000f9e00000)
  to   space 22016K, 0% used [0x00000000f7500000,0x00000000f7500000,0x00000000f8a80000)
 ParOldGen       total 349696K, used 349695K [0x00000000e0000000, 0x00000000f5580000, 0x00000000f5580000)
  object space 349696K, 99% used [0x00000000e0000000,0x00000000f557fd38,0x00000000f5580000)
 Metaspace       used 69519K, committed 70400K, reserved 1114112K
  class space    used 6537K, committed 6912K, reserved 1048576K
}
Event: 2094.750 GC heap after
{Heap after GC invocations=1407 (full 1178):
 PSYoungGen      total 52224K, used 30207K [0x00000000f5580000, 0x00000000f9f80000, 0x0000000100000000)
  eden space 30208K, 99% used [0x00000000f5580000,0x00000000f72fffd8,0x00000000f7300000)
  from space 22016K, 0% used [0x00000000f7500000,0x00000000f7500000,0x00000000f8a80000)
  to   space 19968K, 0% used [0x00000000f8a80000,0x00000000f8a80000,0x00000000f9e00000)
 ParOldGen       total 349696K, used 349695K [0x00000000e0000000, 0x00000000f5580000, 0x00000000f5580000)
  object space 349696K, 99% used [0x00000000e0000000,0x00000000f557fd38,0x00000000f5580000)
 Metaspace       used 69519K, committed 70400K, reserved 1114112K
  class space    used 6537K, committed 6912K, reserved 1048576K
}

