# JRE version: OpenJDK Runtime Environment GraalVM CE 22.3.0 (17.0.5+8) (build 17.0.5+8-jvmci-22.3-b08)
# Java VM: OpenJDK 64-Bit Server VM GraalVM CE 22.3.0 (17.0.5+8-jvmci-22.3-b08, mixed mode, sharing, tiered, jvmci, jvmci compiler, compressed oops, compressed class ptrs, parallel gc, linux-amd64)
GC Precious Log:
 CPUs: 8 total, 1 available
 Memory: 1024M
 Large Page Support: Disabled
 NUMA Support: Disabled
 Compressed Oops: Enabled (32-bit)
 Alignments: Space 512K, Generation 512K, Heap 2M
 Heap Min Capacity: 100M
 Heap Initial Capacity: 100M
 Heap Max Capacity: 512M
 Pre-touch: Disabled
 Parallel Workers: 1
Heap:
 PSYoungGen      total 66560K, used 30720K [0x00000000f5580000, 0x00000000fbe80000, 0x0000000100000000)
  eden space 30720K, 100% used [0x00000000f5580000,0x00000000f7380000,0x00000000f7380000)
  from space 35840K, 0% used [0x00000000f9b80000,0x00000000f9b80000,0x00000000fbe80000)
  to   space 37888K, 0% used [0x00000000f7380000,0x00000000f7380000,0x00000000f9880000)
 ParOldGen       total 349696K, used 349695K [0x00000000e0000000, 0x00000000f5580000, 0x00000000f5580000)
  object space 349696K, 99% used [0x00000000e0000000,0x00000000f557fff0,0x00000000f5580000)
 Metaspace       used 62673K, committed 63936K, reserved 1114112K
  class space    used 6002K, committed 6464K, reserved 1048576K
GC Heap History (20 events):
Event: 549.728 GC heap before
{Heap before GC invocations=511 (full 428):
 PSYoungGen      total 66560K, used 30719K [0x00000000f5580000, 0x00000000fbe80000, 0x0000000100000000)
  eden space 30720K, 99% used [0x00000000f5580000,0x00000000f737fff0,0x00000000f7380000)
  from space 35840K, 0% used [0x00000000f9b80000,0x00000000f9b80000,0x00000000fbe80000)
  to   space 37888K, 0% used [0x00000000f7380000,0x00000000f7380000,0x00000000f9880000)
 ParOldGen       total 349696K, used 349695K [0x00000000e0000000, 0x00000000f5580000, 0x00000000f5580000)
  object space 349696K, 99% used [0x00000000e0000000,0x00000000f557ffe8,0x00000000f5580000)
 Metaspace       used 62673K, committed 63936K, reserved 1114112K
  class space    used 6002K, committed 6464K, reserved 1048576K
}
Event: 550.915 GC heap after
{Heap after GC invocations=511 (full 428):
 PSYoungGen      total 68608K, used 30719K [0x00000000f5580000, 0x00000000fbe80000, 0x0000000100000000)
  eden space 30720K, 99% used [0x00000000f5580000,0x00000000f737ff60,0x00000000f7380000)
  from space 37888K, 0% used [0x00000000f7380000,0x00000000f7380000,0x00000000f9880000)
  to   space 35840K, 0% used [0x00000000f9b80000,0x00000000f9b80000,0x00000000fbe80000)
 ParOldGen       total 349696K, used 349695K [0x00000000e0000000, 0x00000000f5580000, 0x00000000f5580000)
  object space 349696K, 99% used [0x00000000e0000000,0x00000000f557ffb8,0x00000000f5580000)
 Metaspace       used 62673K, committed 63936K, reserved 1114112K
  class space    used 6002K, committed 6464K, reserved 1048576K
}
Event: 550.915 GC heap before
{Heap before GC invocations=512 (full 429):
 PSYoungGen      total 68608K, used 30719K [0x00000000f5580000, 0x00000000fbe80000, 0x0000000100000000)
  eden space 30720K, 99% used [0x00000000f5580000,0x00000000f737fff0,0x00000000f7380000)
  from space 37888K, 0% used [0x00000000f7380000,0x00000000f7380000,0x00000000f9880000)
  to   space 35840K, 0% used [0x00000000f9b80000,0x00000000f9b80000,0x00000000fbe80000)
 ParOldGen       total 349696K, used 349695K [0x00000000e0000000, 0x00000000f5580000, 0x00000000f5580000)
  object space 349696K, 99% used [0x00000000e0000000,0x00000000f557ffb8,0x00000000f5580000)
 Metaspace       used 62673K, committed 63936K, reserved 1114112K
  class space    used 6002K, committed 6464K, reserved 1048576K
}
Event: 551.894 GC heap after
{Heap after GC invocations=512 (full 429):
 PSYoungGen      total 66560K, used 30719K [0x00000000f5580000, 0x00000000fbe80000, 0x0000000100000000)
  eden space 30720K, 99% used [0x00000000f5580000,0x00000000f737ffc0,0x00000000f7380000)
  from space 35840K, 0% used [0x00000000f9b80000,0x00000000f9b80000,0x00000000fbe80000)
  to   space 37888K, 0% used [0x00000000f7380000,0x00000000f7380000,0x00000000f9880000)
 ParOldGen       total 349696K, used 349695K [0x00000000e0000000, 0x00000000f5580000, 0x00000000f5580000)
  object space 349696K, 99% used [0x00000000e0000000,0x00000000f557ffb8,0x00000000f5580000)
 Metaspace       used 62673K, committed 63936K, reserved 1114112K
  class space    used 6002K, committed 6464K, reserved 1048576K
}
Event: 551.894 GC heap before
{Heap before GC invocations=513 (full 430):
 PSYoungGen      total 66560K, used 30719K [0x00000000f5580000, 0x00000000fbe80000, 0x0000000100000000)
  eden space 30720K, 99% used [0x00000000f5580000,0x00000000f737fff0,0x00000000f7380000)
  from space 35840K, 0% used [0x00000000f9b80000,0x00000000f9b80000,0x00000000fbe80000)
  to   space 37888K, 0% used [0x00000000f7380000,0x00000000f7380000,0x00000000f9880000)
 ParOldGen       total 349696K, used 349695K [0x00000000e0000000, 0x00000000f5580000, 0x00000000f5580000)
  object space 349696K, 99% used [0x00000000e0000000,0x00000000f557ffb8,0x00000000f5580000)
 Metaspace       used 62673K, committed 63936K, reserved 1114112K
  class space    used 6002K, committed 6464K, reserved 1048576K
}
Event: 552.914 GC heap after
{Heap after GC invocations=513 (full 430):
 PSYoungGen      total 68608K, used 30719K [0x00000000f5580000, 0x00000000fbe80000, 0x0000000100000000)
  eden space 30720K, 99% used [0x00000000f5580000,0x00000000f737fff0,0x00000000f7380000)
  from space 37888K, 0% used [0x00000000f7380000,0x00000000f7380000,0x00000000f9880000)
  to   space 35840K, 0% used [0x00000000f9b80000,0x00000000f9b80000,0x00000000fbe80000)
 ParOldGen       total 349696K, used 349695K [0x00000000e0000000, 0x00000000f5580000, 0x00000000f5580000)
  object space 349696K, 99% used [0x00000000e0000000,0x00000000f557ffb8,0x00000000f5580000)
 Metaspace       used 62673K, committed 63936K, reserved 1114112K
  class space    used 6002K, committed 6464K, reserved 1048576K
}
Event: 552.914 GC heap before
{Heap before GC invocations=514 (full 431):
 PSYoungGen      total 68608K, used 30719K [0x00000000f5580000, 0x00000000fbe80000, 0x0000000100000000)
  eden space 30720K, 99% used [0x00000000f5580000,0x00000000f737fff0,0x00000000f7380000)
  from space 37888K, 0% used [0x00000000f7380000,0x00000000f7380000,0x00000000f9880000)
  to   space 35840K, 0% used [0x00000000f9b80000,0x00000000f9b80000,0x00000000fbe80000)
 ParOldGen       total 349696K, used 349695K [0x00000000e0000000, 0x00000000f5580000, 0x00000000f5580000)
  object space 349696K, 99% used [0x00000000e0000000,0x00000000f557ffe8,0x00000000f5580000)
 Metaspace       used 62673K, committed 63936K, reserved 1114112K
  class space    used 6002K, committed 6464K, reserved 1048576K
}
Event: 554.095 GC heap after
{Heap after GC invocations=514 (full 431):
 PSYoungGen      total 66560K, used 30719K [0x00000000f5580000, 0x00000000fbe80000, 0x0000000100000000)
  eden space 30720K, 99% used [0x00000000f5580000,0x00000000f737fff0,0x00000000f7380000)
  from space 35840K, 0% used [0x00000000f9b80000,0x00000000f9b80000,0x00000000fbe80000)
  to   space 37888K, 0% used [0x00000000f7380000,0x00000000f7380000,0x00000000f9880000)
 ParOldGen       total 349696K, used 349695K [0x00000000e0000000, 0x00000000f5580000, 0x00000000f5580000)
  object space 349696K, 99% used [0x00000000e0000000,0x00000000f557ffe8,0x00000000f5580000)
 Metaspace       used 62673K, committed 63936K, reserved 1114112K
  class space    used 6002K, committed 6464K, reserved 1048576K
}
Event: 554.095 GC heap before
{Heap before GC invocations=515 (full 432):
 PSYoungGen      total 66560K, used 30719K [0x00000000f5580000, 0x00000000fbe80000, 0x0000000100000000)
  eden space 30720K, 99% used [0x00000000f5580000,0x00000000f737fff0,0x00000000f7380000)
  from space 35840K, 0% used [0x00000000f9b80000,0x00000000f9b80000,0x00000000fbe80000)
  to   space 37888K, 0% used [0x00000000f7380000,0x00000000f7380000,0x00000000f9880000)
 ParOldGen       total 349696K, used 349695K [0x00000000e0000000, 0x00000000f5580000, 0x00000000f5580000)
  object space 349696K, 99% used [0x00000000e0000000,0x00000000f557ffe8,0x00000000f5580000)
 Metaspace       used 62673K, committed 63936K, reserved 1114112K
  class space    used 6002K, committed 6464K, reserved 1048576K
}
Event: 555.207 GC heap after
{Heap after GC invocations=515 (full 432):
 PSYoungGen      total 68608K, used 30719K [0x00000000f5580000, 0x00000000fbe80000, 0x0000000100000000)
  eden space 30720K, 99% used [0x00000000f5580000,0x00000000f737fff0,0x00000000f7380000)
  from space 37888K, 0% used [0x00000000f7380000,0x00000000f7380000,0x00000000f9880000)
  to   space 35840K, 0% used [0x00000000f9b80000,0x00000000f9b80000,0x00000000fbe80000)
 ParOldGen       total 349696K, used 349695K [0x00000000e0000000, 0x00000000f5580000, 0x00000000f5580000)
  object space 349696K, 99% used [0x00000000e0000000,0x00000000f557ffe8,0x00000000f5580000)
 Metaspace       used 62673K, committed 63936K, reserved 1114112K
  class space    used 6002K, committed 6464K, reserved 1048576K
}
Event: 555.207 GC heap before
{Heap before GC invocations=516 (full 433):
 PSYoungGen      total 68608K, used 30720K [0x00000000f5580000, 0x00000000fbe80000, 0x0000000100000000)
  eden space 30720K, 100% used [0x00000000f5580000,0x00000000f7380000,0x00000000f7380000)
  from space 37888K, 0% used [0x00000000f7380000,0x00000000f7380000,0x00000000f9880000)
  to   space 35840K, 0% used [0x00000000f9b80000,0x00000000f9b80000,0x00000000fbe80000)
 ParOldGen       total 349696K, used 349695K [0x00000000e0000000, 0x00000000f5580000, 0x00000000f5580000)
  object space 349696K, 99% used [0x00000000e0000000,0x00000000f557fff8,0x00000000f5580000)
 Metaspace       used 62673K, committed 63936K, reserved 1114112K
  class space    used 6002K, committed 6464K, reserved 1048576K
}
Event: 556.406 GC heap after
{Heap after GC invocations=516 (full 433):
 PSYoungGen      total 66560K, used 30719K [0x00000000f5580000, 0x00000000fbe80000, 0x0000000100000000)
  eden space 30720K, 99% used [0x00000000f5580000,0x00000000f737fff0,0x00000000f7380000)
  from space 35840K, 0% used [0x00000000f9b80000,0x00000000f9b80000,0x00000000fbe80000)
  to   space 37888K, 0% used [0x00000000f7380000,0x00000000f7380000,0x00000000f9880000)
 ParOldGen       total 349696K, used 349695K [0x00000000e0000000, 0x00000000f5580000, 0x00000000f5580000)
  object space 349696K, 99% used [0x00000000e0000000,0x00000000f557ffe8,0x00000000f5580000)
 Metaspace       used 62673K, committed 63936K, reserved 1114112K
  class space    used 6002K, committed 6464K, reserved 1048576K
}
Event: 556.407 GC heap before
{Heap before GC invocations=517 (full 434):
 PSYoungGen      total 66560K, used 30720K [0x00000000f5580000, 0x00000000fbe80000, 0x0000000100000000)
  eden space 30720K, 100% used [0x00000000f5580000,0x00000000f7380000,0x00000000f7380000)
  from space 35840K, 0% used [0x00000000f9b80000,0x00000000f9b80000,0x00000000fbe80000)
  to   space 37888K, 0% used [0x00000000f7380000,0x00000000f7380000,0x00000000f9880000)
 ParOldGen       total 349696K, used 349695K [0x00000000e0000000, 0x00000000f5580000, 0x00000000f5580000)
  object space 349696K, 99% used [0x00000000e0000000,0x00000000f557ffe8,0x00000000f5580000)
 Metaspace       used 62673K, committed 63936K, reserved 1114112K
  class space    used 6002K, committed 6464K, reserved 1048576K
}
Event: 557.688 GC heap after
{Heap after GC invocations=517 (full 434):
 PSYoungGen      total 68608K, used 30719K [0x00000000f5580000, 0x00000000fbe80000, 0x0000000100000000)
  eden space 30720K, 99% used [0x00000000f5580000,0x00000000f737fff0,0x00000000f7380000)
  from space 37888K, 0% used [0x00000000f7380000,0x00000000f7380000,0x00000000f9880000)
  to   space 35840K, 0% used [0x00000000f9b80000,0x00000000f9b80000,0x00000000fbe80000)
 ParOldGen       total 349696K, used 349694K [0x00000000e0000000, 0x00000000f5580000, 0x00000000f5580000)
  object space 349696K, 99% used [0x00000000e0000000,0x00000000f557fa48,0x00000000f5580000)
 Metaspace       used 62673K, committed 63936K, reserved 1114112K
  class space    used 6002K, committed 6464K, reserved 1048576K
}
Event: 557.688 GC heap before
{Heap before GC invocations=518 (full 435):
 PSYoungGen      total 68608K, used 30720K [0x00000000f5580000, 0x00000000fbe80000, 0x0000000100000000)
  eden space 30720K, 100% used [0x00000000f5580000,0x00000000f7380000,0x00000000f7380000)
  from space 37888K, 0% used [0x00000000f7380000,0x00000000f7380000,0x00000000f9880000)
  to   space 35840K, 0% used [0x00000000f9b80000,0x00000000f9b80000,0x00000000fbe80000)
 ParOldGen       total 349696K, used 349694K [0x00000000e0000000, 0x00000000f5580000, 0x00000000f5580000)
  object space 349696K, 99% used [0x00000000e0000000,0x00000000f557fa48,0x00000000f5580000)
 Metaspace       used 62673K, committed 63936K, reserved 1114112K
  class space    used 6002K, committed 6464K, reserved 1048576K
}
Event: 558.908 GC heap after
{Heap after GC invocations=518 (full 435):
 PSYoungGen      total 66560K, used 30719K [0x00000000f5580000, 0x00000000fbe80000, 0x0000000100000000)
  eden space 30720K, 99% used [0x00000000f5580000,0x00000000f737ffd0,0x00000000f7380000)
  from space 35840K, 0% used [0x00000000f9b80000,0x00000000f9b80000,0x00000000fbe80000)
  to   space 37888K, 0% used [0x00000000f7380000,0x00000000f7380000,0x00000000f9880000)
 ParOldGen       total 349696K, used 349694K [0x00000000e0000000, 0x00000000f5580000, 0x00000000f5580000)
  object space 349696K, 99% used [0x00000000e0000000,0x00000000f557fa48,0x00000000f5580000)
 Metaspace       used 62673K, committed 63936K, reserved 1114112K
  class space    used 6002K, committed 6464K, reserved 1048576K
}
Event: 558.908 GC heap before
{Heap before GC invocations=519 (full 436):
 PSYoungGen      total 66560K, used 30719K [0x00000000f5580000, 0x00000000fbe80000, 0x0000000100000000)
  eden space 30720K, 99% used [0x00000000f5580000,0x00000000f737fff8,0x00000000f7380000)
  from space 35840K, 0% used [0x00000000f9b80000,0x00000000f9b80000,0x00000000fbe80000)
  to   space 37888K, 0% used [0x00000000f7380000,0x00000000f7380000,0x00000000f9880000)
 ParOldGen       total 349696K, used 349694K [0x00000000e0000000, 0x00000000f5580000, 0x00000000f5580000)
  object space 349696K, 99% used [0x00000000e0000000,0x00000000f557fa48,0x00000000f5580000)
 Metaspace       used 62673K, committed 63936K, reserved 1114112K
  class space    used 6002K, committed 6464K, reserved 1048576K
}
Event: 560.086 GC heap after
{Heap after GC invocations=519 (full 436):
 PSYoungGen      total 68608K, used 30719K [0x00000000f5580000, 0x00000000fbe80000, 0x0000000100000000)
  eden space 30720K, 99% used [0x00000000f5580000,0x00000000f737ffe8,0x00000000f7380000)
  from space 37888K, 0% used [0x00000000f7380000,0x00000000f7380000,0x00000000f9880000)
  to   space 35840K, 0% used [0x00000000f9b80000,0x00000000f9b80000,0x00000000fbe80000)
 ParOldGen       total 349696K, used 349694K [0x00000000e0000000, 0x00000000f5580000, 0x00000000f5580000)
  object space 349696K, 99% used [0x00000000e0000000,0x00000000f557fa48,0x00000000f5580000)
 Metaspace       used 62673K, committed 63936K, reserved 1114112K
  class space    used 6002K, committed 6464K, reserved 1048576K
}
Event: 560.086 GC heap before
{Heap before GC invocations=520 (full 437):
 PSYoungGen      total 68608K, used 30719K [0x00000000f5580000, 0x00000000fbe80000, 0x0000000100000000)
  eden space 30720K, 99% used [0x00000000f5580000,0x00000000f737ffe8,0x00000000f7380000)
  from space 37888K, 0% used [0x00000000f7380000,0x00000000f7380000,0x00000000f9880000)
  to   space 35840K, 0% used [0x00000000f9b80000,0x00000000f9b80000,0x00000000fbe80000)
 ParOldGen       total 349696K, used 349694K [0x00000000e0000000, 0x00000000f5580000, 0x00000000f5580000)
  object space 349696K, 99% used [0x00000000e0000000,0x00000000f557fa48,0x00000000f5580000)
 Metaspace       used 62673K, committed 63936K, reserved 1114112K
  class space    used 6002K, committed 6464K, reserved 1048576K
}
Event: 561.228 GC heap after
{Heap after GC invocations=520 (full 437):
 PSYoungGen      total 66560K, used 30719K [0x00000000f5580000, 0x00000000fbe80000, 0x0000000100000000)
  eden space 30720K, 99% used [0x00000000f5580000,0x00000000f737ffe8,0x00000000f7380000)
  from space 35840K, 0% used [0x00000000f9b80000,0x00000000f9b80000,0x00000000fbe80000)
  to   space 37888K, 0% used [0x00000000f7380000,0x00000000f7380000,0x00000000f9880000)
 ParOldGen       total 349696K, used 349694K [0x00000000e0000000, 0x00000000f5580000, 0x00000000f5580000)
  object space 349696K, 99% used [0x00000000e0000000,0x00000000f557fa48,0x00000000f5580000)
 Metaspace       used 62673K, committed 63936K, reserved 1114112K
  class space    used 6002K, committed 6464K, reserved 1048576K
}

