# JRE version: OpenJDK Runtime Environment GraalVM CE 22.3.0 (17.0.5+8) (build 17.0.5+8-jvmci-22.3-b08)
# Java VM: OpenJDK 64-Bit Server VM GraalVM CE 22.3.0 (17.0.5+8-jvmci-22.3-b08, mixed mode, sharing, tiered, jvmci, jvmci compiler, compressed oops, compressed class ptrs, parallel gc, linux-amd64)
GC Precious Log:
 CPUs: 8 total, 1 available
 Memory: 1024M
 Large Page Support: Disabled
 NUMA Support: Disabled
 Compressed Oops: Enabled (32-bit)
 Alignments: Space 512K, Generation 512K, Heap 2M
 Heap Min Capacity: 100M
 Heap Initial Capacity: 100M
 Heap Max Capacity: 512M
 Pre-touch: Disabled
 Parallel Workers: 1
Heap:
 PSYoungGen      total 57344K, used 31360K [0x00000000f5580000, 0x00000000fab00000, 0x0000000100000000)
  eden space 28160K, 99% used [0x00000000f5580000,0x00000000f70ffff8,0x00000000f7100000)
  from space 29184K, 10% used [0x00000000f7100000,0x00000000f74200d0,0x00000000f8d80000)
  to   space 28160K, 0% used [0x00000000f8f80000,0x00000000f8f80000,0x00000000fab00000)
 ParOldGen       total 349696K, used 349695K [0x00000000e0000000, 0x00000000f5580000, 0x00000000f5580000)
  object space 349696K, 99% used [0x00000000e0000000,0x00000000f557fff8,0x00000000f5580000)
 Metaspace       used 60097K, committed 61248K, reserved 1105920K
  class space    used 5381K, committed 5824K, reserved 1048576K
GC Heap History (20 events):
Event: 1428.715 GC heap before
{Heap before GC invocations=968 (full 863):
 PSYoungGen      total 57344K, used 31360K [0x00000000f5580000, 0x00000000fab00000, 0x0000000100000000)
  eden space 28160K, 99% used [0x00000000f5580000,0x00000000f70ffff8,0x00000000f7100000)
  from space 29184K, 10% used [0x00000000f7100000,0x00000000f74200d0,0x00000000f8d80000)
  to   space 28160K, 0% used [0x00000000f8f80000,0x00000000f8f80000,0x00000000fab00000)
 ParOldGen       total 349696K, used 349695K [0x00000000e0000000, 0x00000000f5580000, 0x00000000f5580000)
  object space 349696K, 99% used [0x00000000e0000000,0x00000000f557fff8,0x00000000f5580000)
 Metaspace       used 60097K, committed 61248K, reserved 1105920K
  class space    used 5381K, committed 5824K, reserved 1048576K
}
Event: 1429.934 GC heap after
{Heap after GC invocations=968 (full 863):
 PSYoungGen      total 57344K, used 31360K [0x00000000f5580000, 0x00000000fab00000, 0x0000000100000000)
  eden space 28160K, 99% used [0x00000000f5580000,0x00000000f70ffff8,0x00000000f7100000)
  from space 29184K, 10% used [0x00000000f7100000,0x00000000f74200d0,0x00000000f8d80000)
  to   space 28160K, 0% used [0x00000000f8f80000,0x00000000f8f80000,0x00000000fab00000)
 ParOldGen       total 349696K, used 349695K [0x00000000e0000000, 0x00000000f5580000, 0x00000000f5580000)
  object space 349696K, 99% used [0x00000000e0000000,0x00000000f557fff8,0x00000000f5580000)
 Metaspace       used 60097K, committed 61248K, reserved 1105920K
  class space    used 5381K, committed 5824K, reserved 1048576K
}
Event: 1429.935 GC heap before
{Heap before GC invocations=969 (full 864):
 PSYoungGen      total 57344K, used 31360K [0x00000000f5580000, 0x00000000fab00000, 0x0000000100000000)
  eden space 28160K, 99% used [0x00000000f5580000,0x00000000f70ffff8,0x00000000f7100000)
  from space 29184K, 10% used [0x00000000f7100000,0x00000000f74200d0,0x00000000f8d80000)
  to   space 28160K, 0% used [0x00000000f8f80000,0x00000000f8f80000,0x00000000fab00000)
 ParOldGen       total 349696K, used 349695K [0x00000000e0000000, 0x00000000f5580000, 0x00000000f5580000)
  object space 349696K, 99% used [0x00000000e0000000,0x00000000f557fff8,0x00000000f5580000)
 Metaspace       used 60097K, committed 61248K, reserved 1105920K
  class space    used 5381K, committed 5824K, reserved 1048576K
}
Event: 1431.206 GC heap after
{Heap after GC invocations=969 (full 864):
 PSYoungGen      total 57344K, used 31360K [0x00000000f5580000, 0x00000000fab00000, 0x0000000100000000)
  eden space 28160K, 99% used [0x00000000f5580000,0x00000000f70ffff8,0x00000000f7100000)
  from space 29184K, 10% used [0x00000000f7100000,0x00000000f74200d0,0x00000000f8d80000)
  to   space 28160K, 0% used [0x00000000f8f80000,0x00000000f8f80000,0x00000000fab00000)
 ParOldGen       total 349696K, used 349695K [0x00000000e0000000, 0x00000000f5580000, 0x00000000f5580000)
  object space 349696K, 99% used [0x00000000e0000000,0x00000000f557fff8,0x00000000f5580000)
 Metaspace       used 60097K, committed 61248K, reserved 1105920K
  class space    used 5381K, committed 5824K, reserved 1048576K
}
Event: 1431.206 GC heap before
{Heap before GC invocations=970 (full 865):
 PSYoungGen      total 57344K, used 31360K [0x00000000f5580000, 0x00000000fab00000, 0x0000000100000000)
  eden space 28160K, 99% used [0x00000000f5580000,0x00000000f70ffff8,0x00000000f7100000)
  from space 29184K, 10% used [0x00000000f7100000,0x00000000f74200d0,0x00000000f8d80000)
  to   space 28160K, 0% used [0x00000000f8f80000,0x00000000f8f80000,0x00000000fab00000)
 ParOldGen       total 349696K, used 349695K [0x00000000e0000000, 0x00000000f5580000, 0x00000000f5580000)
  object space 349696K, 99% used [0x00000000e0000000,0x00000000f557fff8,0x00000000f5580000)
 Metaspace       used 60097K, committed 61248K, reserved 1105920K
  class space    used 5381K, committed 5824K, reserved 1048576K
}
Event: 1432.315 GC heap after
{Heap after GC invocations=970 (full 865):
 PSYoungGen      total 57344K, used 31360K [0x00000000f5580000, 0x00000000fab00000, 0x0000000100000000)
  eden space 28160K, 99% used [0x00000000f5580000,0x00000000f70ffff8,0x00000000f7100000)
  from space 29184K, 10% used [0x00000000f7100000,0x00000000f74200d0,0x00000000f8d80000)
  to   space 28160K, 0% used [0x00000000f8f80000,0x00000000f8f80000,0x00000000fab00000)
 ParOldGen       total 349696K, used 349695K [0x00000000e0000000, 0x00000000f5580000, 0x00000000f5580000)
  object space 349696K, 99% used [0x00000000e0000000,0x00000000f557fff8,0x00000000f5580000)
 Metaspace       used 60097K, committed 61248K, reserved 1105920K
  class space    used 5381K, committed 5824K, reserved 1048576K
}
Event: 1432.316 GC heap before
{Heap before GC invocations=971 (full 866):
 PSYoungGen      total 57344K, used 31360K [0x00000000f5580000, 0x00000000fab00000, 0x0000000100000000)
  eden space 28160K, 99% used [0x00000000f5580000,0x00000000f70ffff8,0x00000000f7100000)
  from space 29184K, 10% used [0x00000000f7100000,0x00000000f74200d0,0x00000000f8d80000)
  to   space 28160K, 0% used [0x00000000f8f80000,0x00000000f8f80000,0x00000000fab00000)
 ParOldGen       total 349696K, used 349695K [0x00000000e0000000, 0x00000000f5580000, 0x00000000f5580000)
  object space 349696K, 99% used [0x00000000e0000000,0x00000000f557fff8,0x00000000f5580000)
 Metaspace       used 60097K, committed 61248K, reserved 1105920K
  class space    used 5381K, committed 5824K, reserved 1048576K
}
Event: 1433.438 GC heap after
{Heap after GC invocations=971 (full 866):
 PSYoungGen      total 57344K, used 31360K [0x00000000f5580000, 0x00000000fab00000, 0x0000000100000000)
  eden space 28160K, 99% used [0x00000000f5580000,0x00000000f70ffff8,0x00000000f7100000)
  from space 29184K, 10% used [0x00000000f7100000,0x00000000f74200d0,0x00000000f8d80000)
  to   space 28160K, 0% used [0x00000000f8f80000,0x00000000f8f80000,0x00000000fab00000)
 ParOldGen       total 349696K, used 349695K [0x00000000e0000000, 0x00000000f5580000, 0x00000000f5580000)
  object space 349696K, 99% used [0x00000000e0000000,0x00000000f557fff8,0x00000000f5580000)
 Metaspace       used 60097K, committed 61248K, reserved 1105920K
  class space    used 5381K, committed 5824K, reserved 1048576K
}
Event: 1433.438 GC heap before
{Heap before GC invocations=972 (full 867):
 PSYoungGen      total 57344K, used 31360K [0x00000000f5580000, 0x00000000fab00000, 0x0000000100000000)
  eden space 28160K, 99% used [0x00000000f5580000,0x00000000f70ffff8,0x00000000f7100000)
  from space 29184K, 10% used [0x00000000f7100000,0x00000000f74200d0,0x00000000f8d80000)
  to   space 28160K, 0% used [0x00000000f8f80000,0x00000000f8f80000,0x00000000fab00000)
 ParOldGen       total 349696K, used 349695K [0x00000000e0000000, 0x00000000f5580000, 0x00000000f5580000)
  object space 349696K, 99% used [0x00000000e0000000,0x00000000f557fff8,0x00000000f5580000)
 Metaspace       used 60097K, committed 61248K, reserved 1105920K
  class space    used 5381K, committed 5824K, reserved 1048576K
}
Event: 1434.728 GC heap after
{Heap after GC invocations=972 (full 867):
 PSYoungGen      total 57344K, used 31360K [0x00000000f5580000, 0x00000000fab00000, 0x0000000100000000)
  eden space 28160K, 99% used [0x00000000f5580000,0x00000000f70ffff8,0x00000000f7100000)
  from space 29184K, 10% used [0x00000000f7100000,0x00000000f74200d0,0x00000000f8d80000)
  to   space 28160K, 0% used [0x00000000f8f80000,0x00000000f8f80000,0x00000000fab00000)
 ParOldGen       total 349696K, used 349695K [0x00000000e0000000, 0x00000000f5580000, 0x00000000f5580000)
  object space 349696K, 99% used [0x00000000e0000000,0x00000000f557fff8,0x00000000f5580000)
 Metaspace       used 60097K, committed 61248K, reserved 1105920K
  class space    used 5381K, committed 5824K, reserved 1048576K
}
Event: 1434.729 GC heap before
{Heap before GC invocations=973 (full 868):
 PSYoungGen      total 57344K, used 31360K [0x00000000f5580000, 0x00000000fab00000, 0x0000000100000000)
  eden space 28160K, 99% used [0x00000000f5580000,0x00000000f70ffff8,0x00000000f7100000)
  from space 29184K, 10% used [0x00000000f7100000,0x00000000f74200d0,0x00000000f8d80000)
  to   space 28160K, 0% used [0x00000000f8f80000,0x00000000f8f80000,0x00000000fab00000)
 ParOldGen       total 349696K, used 349695K [0x00000000e0000000, 0x00000000f5580000, 0x00000000f5580000)
  object space 349696K, 99% used [0x00000000e0000000,0x00000000f557fff8,0x00000000f5580000)
 Metaspace       used 60097K, committed 61248K, reserved 1105920K
  class space    used 5381K, committed 5824K, reserved 1048576K
}
Event: 1436.035 GC heap after
{Heap after GC invocations=973 (full 868):
 PSYoungGen      total 57344K, used 31360K [0x00000000f5580000, 0x00000000fab00000, 0x0000000100000000)
  eden space 28160K, 99% used [0x00000000f5580000,0x00000000f70ffff8,0x00000000f7100000)
  from space 29184K, 10% used [0x00000000f7100000,0x00000000f74200d0,0x00000000f8d80000)
  to   space 28160K, 0% used [0x00000000f8f80000,0x00000000f8f80000,0x00000000fab00000)
 ParOldGen       total 349696K, used 349695K [0x00000000e0000000, 0x00000000f5580000, 0x00000000f5580000)
  object space 349696K, 99% used [0x00000000e0000000,0x00000000f557ffd8,0x00000000f5580000)
 Metaspace       used 60097K, committed 61248K, reserved 1105920K
  class space    used 5381K, committed 5824K, reserved 1048576K
}
Event: 1436.035 GC heap before
{Heap before GC invocations=974 (full 869):
 PSYoungGen      total 57344K, used 31360K [0x00000000f5580000, 0x00000000fab00000, 0x0000000100000000)
  eden space 28160K, 99% used [0x00000000f5580000,0x00000000f70ffff8,0x00000000f7100000)
  from space 29184K, 10% used [0x00000000f7100000,0x00000000f74200d0,0x00000000f8d80000)
  to   space 28160K, 0% used [0x00000000f8f80000,0x00000000f8f80000,0x00000000fab00000)
 ParOldGen       total 349696K, used 349695K [0x00000000e0000000, 0x00000000f5580000, 0x00000000f5580000)
  object space 349696K, 99% used [0x00000000e0000000,0x00000000f557fff8,0x00000000f5580000)
 Metaspace       used 60097K, committed 61248K, reserved 1105920K
  class space    used 5381K, committed 5824K, reserved 1048576K
}
Event: 1437.419 GC heap after
{Heap after GC invocations=974 (full 869):
 PSYoungGen      total 57344K, used 31360K [0x00000000f5580000, 0x00000000fab00000, 0x0000000100000000)
  eden space 28160K, 99% used [0x00000000f5580000,0x00000000f70ffff8,0x00000000f7100000)
  from space 29184K, 10% used [0x00000000f7100000,0x00000000f74200d0,0x00000000f8d80000)
  to   space 28160K, 0% used [0x00000000f8f80000,0x00000000f8f80000,0x00000000fab00000)
 ParOldGen       total 349696K, used 349695K [0x00000000e0000000, 0x00000000f5580000, 0x00000000f5580000)
  object space 349696K, 99% used [0x00000000e0000000,0x00000000f557fff8,0x00000000f5580000)
 Metaspace       used 60097K, committed 61248K, reserved 1105920K
  class space    used 5381K, committed 5824K, reserved 1048576K
}
Event: 1437.419 GC heap before
{Heap before GC invocations=975 (full 870):
 PSYoungGen      total 57344K, used 31360K [0x00000000f5580000, 0x00000000fab00000, 0x0000000100000000)
  eden space 28160K, 99% used [0x00000000f5580000,0x00000000f70ffff8,0x00000000f7100000)
  from space 29184K, 10% used [0x00000000f7100000,0x00000000f74200d0,0x00000000f8d80000)
  to   space 28160K, 0% used [0x00000000f8f80000,0x00000000f8f80000,0x00000000fab00000)
 ParOldGen       total 349696K, used 349695K [0x00000000e0000000, 0x00000000f5580000, 0x00000000f5580000)
  object space 349696K, 99% used [0x00000000e0000000,0x00000000f557fff8,0x00000000f5580000)
 Metaspace       used 60097K, committed 61248K, reserved 1105920K
  class space    used 5381K, committed 5824K, reserved 1048576K
}
Event: 1438.531 GC heap after
{Heap after GC invocations=975 (full 870):
 PSYoungGen      total 57344K, used 31360K [0x00000000f5580000, 0x00000000fab00000, 0x0000000100000000)
  eden space 28160K, 99% used [0x00000000f5580000,0x00000000f70ffff8,0x00000000f7100000)
  from space 29184K, 10% used [0x00000000f7100000,0x00000000f74200d0,0x00000000f8d80000)
  to   space 28160K, 0% used [0x00000000f8f80000,0x00000000f8f80000,0x00000000fab00000)
 ParOldGen       total 349696K, used 349695K [0x00000000e0000000, 0x00000000f5580000, 0x00000000f5580000)
  object space 349696K, 99% used [0x00000000e0000000,0x00000000f557fff8,0x00000000f5580000)
 Metaspace       used 60097K, committed 61248K, reserved 1105920K
  class space    used 5381K, committed 5824K, reserved 1048576K
}
Event: 1438.532 GC heap before
{Heap before GC invocations=976 (full 871):
 PSYoungGen      total 57344K, used 31360K [0x00000000f5580000, 0x00000000fab00000, 0x0000000100000000)
  eden space 28160K, 99% used [0x00000000f5580000,0x00000000f70ffff8,0x00000000f7100000)
  from space 29184K, 10% used [0x00000000f7100000,0x00000000f74200d0,0x00000000f8d80000)
  to   space 28160K, 0% used [0x00000000f8f80000,0x00000000f8f80000,0x00000000fab00000)
 ParOldGen       total 349696K, used 349695K [0x00000000e0000000, 0x00000000f5580000, 0x00000000f5580000)
  object space 349696K, 99% used [0x00000000e0000000,0x00000000f557fff8,0x00000000f5580000)
 Metaspace       used 60097K, committed 61248K, reserved 1105920K
  class space    used 5381K, committed 5824K, reserved 1048576K
}
Event: 1439.825 GC heap after
{Heap after GC invocations=976 (full 871):
 PSYoungGen      total 57344K, used 31360K [0x00000000f5580000, 0x00000000fab00000, 0x0000000100000000)
  eden space 28160K, 99% used [0x00000000f5580000,0x00000000f70ffff8,0x00000000f7100000)
  from space 29184K, 10% used [0x00000000f7100000,0x00000000f74200d0,0x00000000f8d80000)
  to   space 28160K, 0% used [0x00000000f8f80000,0x00000000f8f80000,0x00000000fab00000)
 ParOldGen       total 349696K, used 349695K [0x00000000e0000000, 0x00000000f5580000, 0x00000000f5580000)
  object space 349696K, 99% used [0x00000000e0000000,0x00000000f557fff8,0x00000000f5580000)
 Metaspace       used 60097K, committed 61248K, reserved 1105920K
  class space    used 5381K, committed 5824K, reserved 1048576K
}
Event: 1439.825 GC heap before
{Heap before GC invocations=977 (full 872):
 PSYoungGen      total 57344K, used 31360K [0x00000000f5580000, 0x00000000fab00000, 0x0000000100000000)
  eden space 28160K, 99% used [0x00000000f5580000,0x00000000f70ffff8,0x00000000f7100000)
  from space 29184K, 10% used [0x00000000f7100000,0x00000000f74200d0,0x00000000f8d80000)
  to   space 28160K, 0% used [0x00000000f8f80000,0x00000000f8f80000,0x00000000fab00000)
 ParOldGen       total 349696K, used 349695K [0x00000000e0000000, 0x00000000f5580000, 0x00000000f5580000)
  object space 349696K, 99% used [0x00000000e0000000,0x00000000f557fff8,0x00000000f5580000)
 Metaspace       used 60097K, committed 61248K, reserved 1105920K
  class space    used 5381K, committed 5824K, reserved 1048576K
}
Event: 1441.114 GC heap after
{Heap after GC invocations=977 (full 872):
 PSYoungGen      total 57344K, used 31360K [0x00000000f5580000, 0x00000000fab00000, 0x0000000100000000)
  eden space 28160K, 99% used [0x00000000f5580000,0x00000000f70ffff8,0x00000000f7100000)
  from space 29184K, 10% used [0x00000000f7100000,0x00000000f74200d0,0x00000000f8d80000)
  to   space 28160K, 0% used [0x00000000f8f80000,0x00000000f8f80000,0x00000000fab00000)
 ParOldGen       total 349696K, used 349695K [0x00000000e0000000, 0x00000000f5580000, 0x00000000f5580000)
  object space 349696K, 99% used [0x00000000e0000000,0x00000000f557fff8,0x00000000f5580000)
 Metaspace       used 60097K, committed 61248K, reserved 1105920K
  class space    used 5381K, committed 5824K, reserved 1048576K
}

